  [1m[35m (453.4ms)[0m  [1m[35mCREATE DATABASE "first_routes_development" ENCODING = 'unicode'[0m
  ↳ bin/rails:9
  [1m[35m (332.9ms)[0m  [1m[35mCREATE DATABASE "first_routes_test" ENCODING = 'unicode'[0m
  ↳ bin/rails:9
Started GET "/" for ::1 at 2019-08-26 17:33:12 -0400
Processing by Rails::WelcomeController#index as HTML
  Rendering /Users/jacobschneider/.rbenv/versions/2.5.1/lib/ruby/gems/2.5.0/gems/railties-5.2.3/lib/rails/templates/rails/welcome/index.html.erb
  Rendered /Users/jacobschneider/.rbenv/versions/2.5.1/lib/ruby/gems/2.5.0/gems/railties-5.2.3/lib/rails/templates/rails/welcome/index.html.erb (10.6ms)
Completed 200 OK in 45ms (Views: 23.3ms | ActiveRecord: 0.0ms)


Started GET "/" for ::1 at 2019-08-26 17:34:53 -0400
Processing by Rails::WelcomeController#index as */*
  Rendering /Users/jacobschneider/.rbenv/versions/2.5.1/lib/ruby/gems/2.5.0/gems/railties-5.2.3/lib/rails/templates/rails/welcome/index.html.erb
  Rendered /Users/jacobschneider/.rbenv/versions/2.5.1/lib/ruby/gems/2.5.0/gems/railties-5.2.3/lib/rails/templates/rails/welcome/index.html.erb (7.2ms)
Completed 200 OK in 476ms (Views: 278.9ms | ActiveRecord: 0.0ms)


Started GET "/users" for ::1 at 2019-08-26 17:35:16 -0400
  
AbstractController::ActionNotFound (The action 'index' could not be found for UsersController):
  
actionpack (5.2.3) lib/abstract_controller/base.rb:129:in `process'
actionview (5.2.3) lib/action_view/rendering.rb:32:in `process'
actionpack (5.2.3) lib/action_controller/metal.rb:191:in `dispatch'
actionpack (5.2.3) lib/action_controller/metal.rb:252:in `dispatch'
actionpack (5.2.3) lib/action_dispatch/routing/route_set.rb:52:in `dispatch'
actionpack (5.2.3) lib/action_dispatch/routing/route_set.rb:34:in `serve'
actionpack (5.2.3) lib/action_dispatch/journey/router.rb:52:in `block in serve'
actionpack (5.2.3) lib/action_dispatch/journey/router.rb:35:in `each'
actionpack (5.2.3) lib/action_dispatch/journey/router.rb:35:in `serve'
actionpack (5.2.3) lib/action_dispatch/routing/route_set.rb:840:in `call'
rack (2.0.7) lib/rack/tempfile_reaper.rb:15:in `call'
rack (2.0.7) lib/rack/etag.rb:25:in `call'
rack (2.0.7) lib/rack/conditional_get.rb:25:in `call'
rack (2.0.7) lib/rack/head.rb:12:in `call'
actionpack (5.2.3) lib/action_dispatch/http/content_security_policy.rb:18:in `call'
rack (2.0.7) lib/rack/session/abstract/id.rb:232:in `context'
rack (2.0.7) lib/rack/session/abstract/id.rb:226:in `call'
actionpack (5.2.3) lib/action_dispatch/middleware/cookies.rb:670:in `call'
activerecord (5.2.3) lib/active_record/migration.rb:559:in `call'
actionpack (5.2.3) lib/action_dispatch/middleware/callbacks.rb:28:in `block in call'
activesupport (5.2.3) lib/active_support/callbacks.rb:98:in `run_callbacks'
actionpack (5.2.3) lib/action_dispatch/middleware/callbacks.rb:26:in `call'
actionpack (5.2.3) lib/action_dispatch/middleware/executor.rb:14:in `call'
actionpack (5.2.3) lib/action_dispatch/middleware/debug_exceptions.rb:61:in `call'
web-console (3.7.0) lib/web_console/middleware.rb:135:in `call_app'
web-console (3.7.0) lib/web_console/middleware.rb:30:in `block in call'
web-console (3.7.0) lib/web_console/middleware.rb:20:in `catch'
web-console (3.7.0) lib/web_console/middleware.rb:20:in `call'
actionpack (5.2.3) lib/action_dispatch/middleware/show_exceptions.rb:33:in `call'
railties (5.2.3) lib/rails/rack/logger.rb:38:in `call_app'
railties (5.2.3) lib/rails/rack/logger.rb:26:in `block in call'
activesupport (5.2.3) lib/active_support/tagged_logging.rb:71:in `block in tagged'
activesupport (5.2.3) lib/active_support/tagged_logging.rb:28:in `tagged'
activesupport (5.2.3) lib/active_support/tagged_logging.rb:71:in `tagged'
railties (5.2.3) lib/rails/rack/logger.rb:26:in `call'
sprockets-rails (3.2.1) lib/sprockets/rails/quiet_assets.rb:13:in `call'
actionpack (5.2.3) lib/action_dispatch/middleware/remote_ip.rb:81:in `call'
actionpack (5.2.3) lib/action_dispatch/middleware/request_id.rb:27:in `call'
rack (2.0.7) lib/rack/method_override.rb:22:in `call'
rack (2.0.7) lib/rack/runtime.rb:22:in `call'
activesupport (5.2.3) lib/active_support/cache/strategy/local_cache_middleware.rb:29:in `call'
actionpack (5.2.3) lib/action_dispatch/middleware/executor.rb:14:in `call'
actionpack (5.2.3) lib/action_dispatch/middleware/static.rb:127:in `call'
rack (2.0.7) lib/rack/sendfile.rb:111:in `call'
railties (5.2.3) lib/rails/engine.rb:524:in `call'
puma (3.12.1) lib/puma/configuration.rb:227:in `call'
puma (3.12.1) lib/puma/server.rb:660:in `handle_request'
puma (3.12.1) lib/puma/server.rb:474:in `process_client'
puma (3.12.1) lib/puma/server.rb:334:in `block in run'
puma (3.12.1) lib/puma/thread_pool.rb:135:in `block in spawn_thread'
Started GET "/users" for ::1 at 2019-08-26 17:37:40 -0400
Processing by UsersController#index as */*
No template found for UsersController#index, rendering head :no_content
Completed 204 No Content in 1043ms (ActiveRecord: 0.0ms)


Started GET "/users" for ::1 at 2019-08-26 17:39:00 -0400
Processing by UsersController#index as */*
  Rendering text template
  Rendered text template (0.5ms)
Completed 200 OK in 206ms (Views: 170.4ms | ActiveRecord: 0.0ms)


Started GET "/users?fave_monster=Dracula" for ::1 at 2019-08-26 17:41:04 -0400
Processing by UsersController#index as */*
  Parameters: {"fave_monster"=>"Dracula"}
  Rendering text template
  Rendered text template (0.1ms)
Completed 200 OK in 5ms (Views: 2.6ms | ActiveRecord: 0.0ms)


Started GET "/users?fave_monster=Dracula&age=234567&house=Slytherin&attention=false" for ::1 at 2019-08-26 17:41:50 -0400
Processing by UsersController#index as */*
  Parameters: {"fave_monster"=>"Dracula", "age"=>"234567", "house"=>"Slytherin", "attention"=>"false"}
  Rendering text template
  Rendered text template (0.1ms)
Completed 200 OK in 8ms (Views: 7.4ms | ActiveRecord: 0.0ms)


Started POST "/users" for ::1 at 2019-08-26 17:43:30 -0400
  
AbstractController::ActionNotFound (The action 'create' could not be found for UsersController):
  
actionpack (5.2.3) lib/abstract_controller/base.rb:129:in `process'
actionview (5.2.3) lib/action_view/rendering.rb:32:in `process'
actionpack (5.2.3) lib/action_controller/metal.rb:191:in `dispatch'
actionpack (5.2.3) lib/action_controller/metal.rb:252:in `dispatch'
actionpack (5.2.3) lib/action_dispatch/routing/route_set.rb:52:in `dispatch'
actionpack (5.2.3) lib/action_dispatch/routing/route_set.rb:34:in `serve'
actionpack (5.2.3) lib/action_dispatch/journey/router.rb:52:in `block in serve'
actionpack (5.2.3) lib/action_dispatch/journey/router.rb:35:in `each'
actionpack (5.2.3) lib/action_dispatch/journey/router.rb:35:in `serve'
actionpack (5.2.3) lib/action_dispatch/routing/route_set.rb:840:in `call'
rack (2.0.7) lib/rack/tempfile_reaper.rb:15:in `call'
rack (2.0.7) lib/rack/etag.rb:25:in `call'
rack (2.0.7) lib/rack/conditional_get.rb:38:in `call'
rack (2.0.7) lib/rack/head.rb:12:in `call'
actionpack (5.2.3) lib/action_dispatch/http/content_security_policy.rb:18:in `call'
rack (2.0.7) lib/rack/session/abstract/id.rb:232:in `context'
rack (2.0.7) lib/rack/session/abstract/id.rb:226:in `call'
actionpack (5.2.3) lib/action_dispatch/middleware/cookies.rb:670:in `call'
activerecord (5.2.3) lib/active_record/migration.rb:559:in `call'
actionpack (5.2.3) lib/action_dispatch/middleware/callbacks.rb:28:in `block in call'
activesupport (5.2.3) lib/active_support/callbacks.rb:98:in `run_callbacks'
actionpack (5.2.3) lib/action_dispatch/middleware/callbacks.rb:26:in `call'
actionpack (5.2.3) lib/action_dispatch/middleware/executor.rb:14:in `call'
actionpack (5.2.3) lib/action_dispatch/middleware/debug_exceptions.rb:61:in `call'
web-console (3.7.0) lib/web_console/middleware.rb:135:in `call_app'
web-console (3.7.0) lib/web_console/middleware.rb:30:in `block in call'
web-console (3.7.0) lib/web_console/middleware.rb:20:in `catch'
web-console (3.7.0) lib/web_console/middleware.rb:20:in `call'
actionpack (5.2.3) lib/action_dispatch/middleware/show_exceptions.rb:33:in `call'
railties (5.2.3) lib/rails/rack/logger.rb:38:in `call_app'
railties (5.2.3) lib/rails/rack/logger.rb:26:in `block in call'
activesupport (5.2.3) lib/active_support/tagged_logging.rb:71:in `block in tagged'
activesupport (5.2.3) lib/active_support/tagged_logging.rb:28:in `tagged'
activesupport (5.2.3) lib/active_support/tagged_logging.rb:71:in `tagged'
railties (5.2.3) lib/rails/rack/logger.rb:26:in `call'
sprockets-rails (3.2.1) lib/sprockets/rails/quiet_assets.rb:13:in `call'
actionpack (5.2.3) lib/action_dispatch/middleware/remote_ip.rb:81:in `call'
actionpack (5.2.3) lib/action_dispatch/middleware/request_id.rb:27:in `call'
rack (2.0.7) lib/rack/method_override.rb:22:in `call'
rack (2.0.7) lib/rack/runtime.rb:22:in `call'
activesupport (5.2.3) lib/active_support/cache/strategy/local_cache_middleware.rb:29:in `call'
actionpack (5.2.3) lib/action_dispatch/middleware/executor.rb:14:in `call'
actionpack (5.2.3) lib/action_dispatch/middleware/static.rb:127:in `call'
rack (2.0.7) lib/rack/sendfile.rb:111:in `call'
railties (5.2.3) lib/rails/engine.rb:524:in `call'
puma (3.12.1) lib/puma/configuration.rb:227:in `call'
puma (3.12.1) lib/puma/server.rb:660:in `handle_request'
puma (3.12.1) lib/puma/server.rb:474:in `process_client'
puma (3.12.1) lib/puma/server.rb:334:in `block in run'
puma (3.12.1) lib/puma/thread_pool.rb:135:in `block in spawn_thread'
Started POST "/users" for ::1 at 2019-08-26 17:44:41 -0400
Processing by UsersController#create as */*
  Parameters: {"hairplugs"=>"yah", "telecommunications"=>"sometimes", "switzerland"=>"always"}
Completed 200 OK in 12ms (Views: 4.5ms | ActiveRecord: 0.0ms)


Started POST "/users/2?frst=yes&snd=no" for ::1 at 2019-08-26 18:05:34 -0400
  
ActionController::RoutingError (No route matches [POST] "/users/2"):
  
actionpack (5.2.3) lib/action_dispatch/middleware/debug_exceptions.rb:65:in `call'
web-console (3.7.0) lib/web_console/middleware.rb:135:in `call_app'
web-console (3.7.0) lib/web_console/middleware.rb:30:in `block in call'
web-console (3.7.0) lib/web_console/middleware.rb:20:in `catch'
web-console (3.7.0) lib/web_console/middleware.rb:20:in `call'
actionpack (5.2.3) lib/action_dispatch/middleware/show_exceptions.rb:33:in `call'
railties (5.2.3) lib/rails/rack/logger.rb:38:in `call_app'
railties (5.2.3) lib/rails/rack/logger.rb:26:in `block in call'
activesupport (5.2.3) lib/active_support/tagged_logging.rb:71:in `block in tagged'
activesupport (5.2.3) lib/active_support/tagged_logging.rb:28:in `tagged'
activesupport (5.2.3) lib/active_support/tagged_logging.rb:71:in `tagged'
railties (5.2.3) lib/rails/rack/logger.rb:26:in `call'
sprockets-rails (3.2.1) lib/sprockets/rails/quiet_assets.rb:13:in `call'
actionpack (5.2.3) lib/action_dispatch/middleware/remote_ip.rb:81:in `call'
actionpack (5.2.3) lib/action_dispatch/middleware/request_id.rb:27:in `call'
rack (2.0.7) lib/rack/method_override.rb:22:in `call'
rack (2.0.7) lib/rack/runtime.rb:22:in `call'
activesupport (5.2.3) lib/active_support/cache/strategy/local_cache_middleware.rb:29:in `call'
actionpack (5.2.3) lib/action_dispatch/middleware/executor.rb:14:in `call'
actionpack (5.2.3) lib/action_dispatch/middleware/static.rb:127:in `call'
rack (2.0.7) lib/rack/sendfile.rb:111:in `call'
railties (5.2.3) lib/rails/engine.rb:524:in `call'
puma (3.12.1) lib/puma/configuration.rb:227:in `call'
puma (3.12.1) lib/puma/server.rb:660:in `handle_request'
puma (3.12.1) lib/puma/server.rb:474:in `process_client'
puma (3.12.1) lib/puma/server.rb:334:in `block in run'
puma (3.12.1) lib/puma/thread_pool.rb:135:in `block in spawn_thread'
Started POST "/users/2?frst=yes&snd=no" for ::1 at 2019-08-26 18:05:45 -0400
  
ActionController::RoutingError (No route matches [POST] "/users/2"):
  
actionpack (5.2.3) lib/action_dispatch/middleware/debug_exceptions.rb:65:in `call'
web-console (3.7.0) lib/web_console/middleware.rb:135:in `call_app'
web-console (3.7.0) lib/web_console/middleware.rb:30:in `block in call'
web-console (3.7.0) lib/web_console/middleware.rb:20:in `catch'
web-console (3.7.0) lib/web_console/middleware.rb:20:in `call'
actionpack (5.2.3) lib/action_dispatch/middleware/show_exceptions.rb:33:in `call'
railties (5.2.3) lib/rails/rack/logger.rb:38:in `call_app'
railties (5.2.3) lib/rails/rack/logger.rb:26:in `block in call'
activesupport (5.2.3) lib/active_support/tagged_logging.rb:71:in `block in tagged'
activesupport (5.2.3) lib/active_support/tagged_logging.rb:28:in `tagged'
activesupport (5.2.3) lib/active_support/tagged_logging.rb:71:in `tagged'
railties (5.2.3) lib/rails/rack/logger.rb:26:in `call'
sprockets-rails (3.2.1) lib/sprockets/rails/quiet_assets.rb:13:in `call'
actionpack (5.2.3) lib/action_dispatch/middleware/remote_ip.rb:81:in `call'
actionpack (5.2.3) lib/action_dispatch/middleware/request_id.rb:27:in `call'
rack (2.0.7) lib/rack/method_override.rb:22:in `call'
rack (2.0.7) lib/rack/runtime.rb:22:in `call'
activesupport (5.2.3) lib/active_support/cache/strategy/local_cache_middleware.rb:29:in `call'
actionpack (5.2.3) lib/action_dispatch/middleware/executor.rb:14:in `call'
actionpack (5.2.3) lib/action_dispatch/middleware/static.rb:127:in `call'
rack (2.0.7) lib/rack/sendfile.rb:111:in `call'
railties (5.2.3) lib/rails/engine.rb:524:in `call'
puma (3.12.1) lib/puma/configuration.rb:227:in `call'
puma (3.12.1) lib/puma/server.rb:660:in `handle_request'
puma (3.12.1) lib/puma/server.rb:474:in `process_client'
puma (3.12.1) lib/puma/server.rb:334:in `block in run'
puma (3.12.1) lib/puma/thread_pool.rb:135:in `block in spawn_thread'
Started GET "/users/2?frst=yes&snd=no" for ::1 at 2019-08-26 18:05:57 -0400
Processing by UsersController#show as */*
  Parameters: {"hairplugs"=>"yah", "telecommunications"=>"sometimes", "switzerland"=>"always", "frst"=>"yes", "snd"=>"no", "id"=>"2"}
Completed 200 OK in 2ms (Views: 0.8ms | ActiveRecord: 0.0ms)


Started GET "/users/2" for ::1 at 2019-08-26 18:06:22 -0400
Processing by UsersController#show as */*
  Parameters: {"hairplugs"=>"yah", "telecommunications"=>"sometimes", "switzerland"=>"always", "id"=>"2"}
Completed 200 OK in 1ms (Views: 0.3ms | ActiveRecord: 0.0ms)


Started GET "/users" for ::1 at 2019-08-26 18:07:35 -0400
Processing by UsersController#index as */*
  Parameters: {"hairplugs"=>"yah", "telecommunications"=>"sometimes", "switzerland"=>"always"}
  Rendering text template
  Rendered text template (0.3ms)
Completed 200 OK in 9ms (Views: 7.8ms | ActiveRecord: 0.0ms)


Started GET "/users/1" for ::1 at 2019-08-26 18:07:43 -0400
Processing by UsersController#show as */*
  Parameters: {"hairplugs"=>"yah", "telecommunications"=>"sometimes", "switzerland"=>"always", "id"=>"1"}
Completed 200 OK in 1ms (Views: 0.5ms | ActiveRecord: 0.0ms)


Started GET "/users/3" for ::1 at 2019-08-26 18:07:49 -0400
Processing by UsersController#show as */*
  Parameters: {"hairplugs"=>"yah", "telecommunications"=>"sometimes", "switzerland"=>"always", "id"=>"3"}
Completed 200 OK in 6ms (Views: 0.8ms | ActiveRecord: 0.0ms)


Started GET "/users/3?user[hairplugs]=yes" for ::1 at 2019-08-26 18:08:37 -0400
Processing by UsersController#show as */*
  Parameters: {"hairplugs"=>"yah", "telecommunications"=>"sometimes", "switzerland"=>"always", "user"=>{"hairplugs"=>"yes"}, "id"=>"3"}
Completed 200 OK in 1ms (Views: 0.5ms | ActiveRecord: 0.0ms)


Started GET "/users/3?user[hairplugs]=yes" for ::1 at 2019-08-26 18:09:33 -0400
Processing by UsersController#show as */*
  Parameters: {"\"user"=>{"hairplugs"=>{"\n\""=>"yah"}}, "user"=>{"hairplugs"=>"yes"}, "switzerland"=>"always", "id"=>"3"}
Completed 200 OK in 2ms (Views: 1.4ms | ActiveRecord: 0.0ms)


Started GET "/users/3" for ::1 at 2019-08-26 18:09:50 -0400
Processing by UsersController#show as */*
  Parameters: {"\"user"=>{"hairplugs"=>{"\n\""=>"yah"}}, "user"=>{"telecommunications"=>"sometimes"}, "switzerland"=>"always", "id"=>"3"}
Completed 200 OK in 1ms (Views: 0.4ms | ActiveRecord: 0.0ms)


Started GET "/users/3" for ::1 at 2019-08-26 18:10:17 -0400
Processing by UsersController#show as */*
  Parameters: {"user"=>{"hairplugs"=>"yah", "telecommunications"=>"sometimes"}, "switzerland"=>"always", "id"=>"3"}
Completed 200 OK in 8ms (Views: 1.1ms | ActiveRecord: 0.0ms)


Started GET "/users/3" for ::1 at 2019-08-26 18:10:31 -0400
Processing by UsersController#show as */*
  Parameters: {"user"=>{"hairplugs"=>"yah", "telecommunications"=>"sometimes", "switzerland"=>"always"}, "id"=>"3"}
Completed 200 OK in 1ms (Views: 0.6ms | ActiveRecord: 0.0ms)


Started POST "/users" for ::1 at 2019-08-26 18:10:38 -0400
Processing by UsersController#create as */*
  Parameters: {"user"=>{"hairplugs"=>"yah", "telecommunications"=>"sometimes", "switzerland"=>"always"}}
Completed 200 OK in 1ms (Views: 0.4ms | ActiveRecord: 0.0ms)


  [1m[35m (54.8ms)[0m  [1m[35mCREATE TABLE "schema_migrations" ("version" character varying NOT NULL PRIMARY KEY)[0m
  ↳ bin/rails:9
  [1m[35m (4.0ms)[0m  [1m[35mCREATE TABLE "ar_internal_metadata" ("key" character varying NOT NULL PRIMARY KEY, "value" character varying, "created_at" timestamp NOT NULL, "updated_at" timestamp NOT NULL)[0m
  ↳ bin/rails:9
  [1m[35m (1.8ms)[0m  [1m[34mSELECT pg_try_advisory_lock(7974280239715595190)[0m
  ↳ bin/rails:9
  [1m[35m (1.9ms)[0m  [1m[34mSELECT "schema_migrations"."version" FROM "schema_migrations" ORDER BY "schema_migrations"."version" ASC[0m
  ↳ bin/rails:9
Migrating to AddUsers (20190826221505)
  [1m[35m (0.9ms)[0m  [1m[35mBEGIN[0m
  ↳ bin/rails:9
  [1m[35m (14.5ms)[0m  [1m[35mCREATE TABLE "users" ("id" bigserial primary key, "email" character varying, "name" character varying)[0m
  ↳ db/migrate/20190826221505_add_users.rb:3
  [1m[36mActiveRecord::SchemaMigration Create (4.4ms)[0m  [1m[32mINSERT INTO "schema_migrations" ("version") VALUES ($1) RETURNING "version"[0m  [["version", "20190826221505"]]
  ↳ bin/rails:9
  [1m[35m (0.5ms)[0m  [1m[35mCOMMIT[0m
  ↳ bin/rails:9
  [1m[36mActiveRecord::InternalMetadata Load (0.7ms)[0m  [1m[34mSELECT  "ar_internal_metadata".* FROM "ar_internal_metadata" WHERE "ar_internal_metadata"."key" = $1 LIMIT $2[0m  [["key", "environment"], ["LIMIT", 1]]
  ↳ bin/rails:9
  [1m[35m (0.2ms)[0m  [1m[35mBEGIN[0m
  ↳ bin/rails:9
  [1m[36mActiveRecord::InternalMetadata Create (1.8ms)[0m  [1m[32mINSERT INTO "ar_internal_metadata" ("key", "value", "created_at", "updated_at") VALUES ($1, $2, $3, $4) RETURNING "key"[0m  [["key", "environment"], ["value", "development"], ["created_at", "2019-08-26 22:17:16.617257"], ["updated_at", "2019-08-26 22:17:16.617257"]]
  ↳ bin/rails:9
  [1m[35m (0.3ms)[0m  [1m[35mCOMMIT[0m
  ↳ bin/rails:9
  [1m[35m (0.2ms)[0m  [1m[34mSELECT pg_advisory_unlock(7974280239715595190)[0m
  ↳ bin/rails:9
  [1m[35m (0.7ms)[0m  [1m[34mSELECT "schema_migrations"."version" FROM "schema_migrations" ORDER BY "schema_migrations"."version" ASC[0m
  ↳ bin/rails:9
  [1m[35m (1.0ms)[0m  [1m[34mSELECT "schema_migrations"."version" FROM "schema_migrations" ORDER BY "schema_migrations"."version" ASC[0m
  ↳ bin/rails:9
  [1m[35m (1.0ms)[0m  [1m[34mSELECT "schema_migrations"."version" FROM "schema_migrations" ORDER BY "schema_migrations"."version" ASC[0m
  ↳ bin/rails:9
  [1m[35m (1.0ms)[0m  [1m[34mSELECT "schema_migrations"."version" FROM "schema_migrations" ORDER BY "schema_migrations"."version" ASC[0m
  ↳ bin/rails:9
  [1m[35m (1.0ms)[0m  [1m[34mSELECT "schema_migrations"."version" FROM "schema_migrations" ORDER BY "schema_migrations"."version" ASC[0m
  ↳ bin/rails:9
  [1m[35m (0.3ms)[0m  [1m[35mBEGIN[0m
  ↳ db/seeds.rb:10
  [1m[36mUser Create (4.0ms)[0m  [1m[32mINSERT INTO "users" ("email", "name") VALUES ($1, $2) RETURNING "id"[0m  [["email", "js@email.com"], ["name", "Jake"]]
  ↳ db/seeds.rb:10
  [1m[35m (0.6ms)[0m  [1m[35mCOMMIT[0m
  ↳ db/seeds.rb:10
  [1m[35m (0.1ms)[0m  [1m[35mBEGIN[0m
  ↳ db/seeds.rb:11
  [1m[36mUser Create (0.4ms)[0m  [1m[32mINSERT INTO "users" ("email", "name") VALUES ($1, $2) RETURNING "id"[0m  [["email", "ro@email.com"], ["name", "Raymond"]]
  ↳ db/seeds.rb:11
  [1m[35m (0.3ms)[0m  [1m[35mCOMMIT[0m
  ↳ db/seeds.rb:11
  [1m[35m (2.5ms)[0m  [1m[35mCREATE DATABASE "first_routes_development" ENCODING = 'unicode'[0m
  ↳ bin/rails:9
  [1m[35m (0.9ms)[0m  [1m[35mCREATE DATABASE "first_routes_test" ENCODING = 'unicode'[0m
  ↳ bin/rails:9
  [1m[35m (1.3ms)[0m  [1m[35mCREATE DATABASE "first_routes_development" ENCODING = 'unicode'[0m
  ↳ bin/rails:9
  [1m[35m (0.7ms)[0m  [1m[35mCREATE DATABASE "first_routes_test" ENCODING = 'unicode'[0m
  ↳ bin/rails:9
  [1m[36mUser Load (0.7ms)[0m  [1m[34mSELECT "users".* FROM "users"[0m
Started GET "/users" for ::1 at 2019-08-26 18:45:29 -0400
  [1m[35m (0.8ms)[0m  [1m[34mSELECT "schema_migrations"."version" FROM "schema_migrations" ORDER BY "schema_migrations"."version" ASC[0m
  ↳ /Users/jacobschneider/.rbenv/versions/2.5.1/lib/ruby/gems/2.5.0/gems/activerecord-5.2.3/lib/active_record/log_subscriber.rb:98
Processing by UsersController#index as */*
  [1m[36mUser Load (6.2ms)[0m  [1m[34mSELECT "users".* FROM "users"[0m
  ↳ app/controllers/users_controller.rb:3
Completed 200 OK in 141ms (Views: 83.4ms | ActiveRecord: 30.8ms)


Started POST "/users?user[name]=chadwick&user[email]=narsty@email.com" for ::1 at 2019-08-26 18:48:36 -0400
Processing by UsersController#create as */*
  Parameters: {"user"=>{"name"=>"chadwick", "email"=>"narsty@email.com"}}
  [1m[35m (0.2ms)[0m  [1m[35mBEGIN[0m
  ↳ app/controllers/users_controller.rb:8
  [1m[36mUser Create (4.7ms)[0m  [1m[32mINSERT INTO "users" ("email", "name") VALUES ($1, $2) RETURNING "id"[0m  [["email", "narsty@email.com"], ["name", "chadwick"]]
  ↳ app/controllers/users_controller.rb:8
  [1m[35m (2.0ms)[0m  [1m[35mCOMMIT[0m
  ↳ app/controllers/users_controller.rb:8
Completed 200 OK in 187ms (Views: 0.4ms | ActiveRecord: 59.4ms)


Started POST "/users?user[email]=narsty@email.com" for ::1 at 2019-08-26 18:53:14 -0400
Processing by UsersController#create as */*
  Parameters: {"user"=>{"email"=>"narsty@email.com"}}
  [1m[35m (0.8ms)[0m  [1m[35mBEGIN[0m
  ↳ app/controllers/users_controller.rb:8
  [1m[35m (0.4ms)[0m  [1m[31mROLLBACK[0m
  ↳ app/controllers/users_controller.rb:8
Completed 422 Unprocessable Entity in 221ms (Views: 3.0ms | ActiveRecord: 33.7ms)


Started POST "/users?user[name]=chadwick" for ::1 at 2019-08-26 18:53:26 -0400
Processing by UsersController#create as */*
  Parameters: {"user"=>{"name"=>"chadwick"}}
  [1m[35m (2.4ms)[0m  [1m[35mBEGIN[0m
  ↳ app/controllers/users_controller.rb:8
  [1m[35m (0.7ms)[0m  [1m[31mROLLBACK[0m
  ↳ app/controllers/users_controller.rb:8
Completed 422 Unprocessable Entity in 9ms (Views: 0.5ms | ActiveRecord: 3.0ms)


Started GET "/users/1" for ::1 at 2019-08-26 18:57:39 -0400
Processing by UsersController#show as */*
  Parameters: {"id"=>"1"}
Completed 400 Bad Request in 113ms (ActiveRecord: 12.6ms)


  
ActionController::ParameterMissing (param is missing or the value is empty: user):
  
app/controllers/users_controller.rb:22:in `user_params'
app/controllers/users_controller.rb:17:in `show'
Started GET "/users/1" for ::1 at 2019-08-26 18:58:35 -0400
Processing by UsersController#show as */*
  Parameters: {"id"=>"1"}
Completed 400 Bad Request in 39ms (ActiveRecord: 0.0ms)


  
ActionController::ParameterMissing (param is missing or the value is empty: user):
  
app/controllers/users_controller.rb:22:in `user_params'
app/controllers/users_controller.rb:16:in `show'
Started GET "/users/1" for ::1 at 2019-08-26 18:59:56 -0400
Processing by UsersController#show as */*
  Parameters: {"id"=>"1"}
  [1m[36mUser Load (4.1ms)[0m  [1m[34mSELECT  "users".* FROM "users" WHERE "users"."id" = $1 LIMIT $2[0m  [["id", 1], ["LIMIT", 1]]
  ↳ app/controllers/users_controller.rb:16
Completed 200 OK in 67ms (Views: 2.9ms | ActiveRecord: 40.9ms)


Started PATCH "/users/1?user[name]=%27jaek%27&user[email]=aekkk@email.com" for ::1 at 2019-08-26 19:04:42 -0400
Processing by UsersController#update as */*
  Parameters: {"user"=>{"name"=>"'jaek'", "email"=>"aekkk@email.com"}, "id"=>"1"}
  [1m[36mUser Load (2.1ms)[0m  [1m[34mSELECT  "users".* FROM "users" WHERE "users"."id" = $1 LIMIT $2[0m  [["id", 1], ["LIMIT", 1]]
  ↳ app/controllers/users_controller.rb:20
  [1m[35m (2.2ms)[0m  [1m[35mBEGIN[0m
  ↳ app/controllers/users_controller.rb:21
  [1m[35m (0.7ms)[0m  [1m[31mROLLBACK[0m
  ↳ app/controllers/users_controller.rb:21
Completed 500 Internal Server Error in 121ms (ActiveRecord: 33.8ms)


  
ArgumentError (When assigning attributes, you must pass a hash as an argument.):
  
app/controllers/users_controller.rb:21:in `update'
Started PATCH "/users/1?user[name]=jaek&user[email]=aekkk@email.com" for ::1 at 2019-08-26 19:05:05 -0400
Processing by UsersController#update as */*
  Parameters: {"user"=>{"name"=>"jaek", "email"=>"aekkk@email.com"}, "id"=>"1"}
  [1m[36mUser Load (0.9ms)[0m  [1m[34mSELECT  "users".* FROM "users" WHERE "users"."id" = $1 LIMIT $2[0m  [["id", 1], ["LIMIT", 1]]
  ↳ app/controllers/users_controller.rb:20
  [1m[35m (0.2ms)[0m  [1m[35mBEGIN[0m
  ↳ app/controllers/users_controller.rb:21
  [1m[35m (0.2ms)[0m  [1m[31mROLLBACK[0m
  ↳ app/controllers/users_controller.rb:21
Completed 500 Internal Server Error in 5ms (ActiveRecord: 1.4ms)


  
ArgumentError (When assigning attributes, you must pass a hash as an argument.):
  
app/controllers/users_controller.rb:21:in `update'
Started PATCH "/users/1?user[name]=jaek&user[email]=aekkk@email.com" for ::1 at 2019-08-26 19:07:56 -0400
Processing by UsersController#update as */*
  Parameters: {"user"=>{"name"=>"jaek", "email"=>"aekkk@email.com"}, "id"=>"1"}
  [1m[36mUser Load (0.4ms)[0m  [1m[34mSELECT  "users".* FROM "users" WHERE "users"."id" = $1 LIMIT $2[0m  [["id", 1], ["LIMIT", 1]]
  ↳ app/controllers/users_controller.rb:20
  [1m[35m (0.3ms)[0m  [1m[35mBEGIN[0m
  ↳ app/controllers/users_controller.rb:22
  [1m[35m (0.3ms)[0m  [1m[31mROLLBACK[0m
  ↳ app/controllers/users_controller.rb:22
Completed 500 Internal Server Error in 110ms (ActiveRecord: 18.3ms)


  
ArgumentError (When assigning attributes, you must pass a hash as an argument.):
  
app/controllers/users_controller.rb:22:in `update'
Started PATCH "/users/1?user[name]=jaek&user[email]=aekkk@email.com" for ::1 at 2019-08-26 19:08:16 -0400
Processing by UsersController#update as */*
  Parameters: {"user"=>{"name"=>"jaek", "email"=>"aekkk@email.com"}, "id"=>"1"}
  [1m[36mUser Load (0.5ms)[0m  [1m[34mSELECT  "users".* FROM "users" WHERE "users"."id" = $1 LIMIT $2[0m  [["id", 1], ["LIMIT", 1]]
  ↳ app/controllers/users_controller.rb:20
  [1m[35m (0.3ms)[0m  [1m[35mBEGIN[0m
  ↳ app/controllers/users_controller.rb:22
  [1m[35m (35.9ms)[0m  [1m[31mROLLBACK[0m
  ↳ app/controllers/users_controller.rb:22
Completed 500 Internal Server Error in 98ms (ActiveRecord: 45.0ms)


  
ArgumentError (When assigning attributes, you must pass a hash as an argument.):
  
app/controllers/users_controller.rb:22:in `update'
Started PATCH "/users/1?user[name]=jaek&user[email]=aekkk@email.com" for ::1 at 2019-08-26 19:09:21 -0400
Processing by UsersController#update as */*
  Parameters: {"user"=>{"name"=>"jaek", "email"=>"aekkk@email.com"}, "id"=>"1"}
  [1m[36mUser Load (0.6ms)[0m  [1m[34mSELECT  "users".* FROM "users" WHERE "users"."id" = $1 LIMIT $2[0m  [["id", 1], ["LIMIT", 1]]
  ↳ app/controllers/users_controller.rb:20
  [1m[35m (0.5ms)[0m  [1m[35mBEGIN[0m
  ↳ app/controllers/users_controller.rb:22
  [1m[35m (0.8ms)[0m  [1m[31mROLLBACK[0m
  ↳ app/controllers/users_controller.rb:22
Completed 500 Internal Server Error in 200ms (ActiveRecord: 28.4ms)


  
ArgumentError (When assigning attributes, you must pass a hash as an argument.):
  
app/controllers/users_controller.rb:22:in `update'
Started PATCH "/users/1?user[name]=jaek&user[email]=aekkk@email.com" for ::1 at 2019-08-26 19:10:03 -0400
Processing by UsersController#update as */*
  Parameters: {"user"=>{"name"=>"jaek", "email"=>"aekkk@email.com"}, "id"=>"1"}
  [1m[36mUser Load (1.7ms)[0m  [1m[34mSELECT  "users".* FROM "users" WHERE "users"."id" = $1 LIMIT $2[0m  [["id", 1], ["LIMIT", 1]]
  ↳ app/controllers/users_controller.rb:20
  [1m[35m (0.3ms)[0m  [1m[35mBEGIN[0m
  ↳ app/controllers/users_controller.rb:22
  [1m[35m (0.5ms)[0m  [1m[31mROLLBACK[0m
  ↳ app/controllers/users_controller.rb:22
Completed 500 Internal Server Error in 66ms (ActiveRecord: 12.1ms)


  
ArgumentError (When assigning attributes, you must pass a hash as an argument.):
  
app/controllers/users_controller.rb:22:in `update'
Started PATCH "/users/1?user[name]=jaek&user[email]=aekkk@email.com" for ::1 at 2019-08-26 19:14:49 -0400
Processing by UsersController#update as */*
  Parameters: {"user"=>{"name"=>"jaek", "email"=>"aekkk@email.com"}, "id"=>"1"}
  [1m[36mUser Load (0.7ms)[0m  [1m[34mSELECT  "users".* FROM "users" WHERE "users"."id" = $1 LIMIT $2[0m  [["id", 1], ["LIMIT", 1]]
  ↳ app/controllers/users_controller.rb:20
  [1m[35m (3.1ms)[0m  [1m[35mBEGIN[0m
  ↳ app/controllers/users_controller.rb:22
  [1m[36mUser Update (5.6ms)[0m  [1m[33mUPDATE "users" SET "name" = $1, "email" = $2 WHERE "users"."id" = $3[0m  [["name", "jaek"], ["email", "aekkk@email.com"], ["id", 1]]
  ↳ app/controllers/users_controller.rb:22
  [1m[35m (3.4ms)[0m  [1m[35mCOMMIT[0m
  ↳ app/controllers/users_controller.rb:22
Completed 200 OK in 222ms (Views: 52.8ms | ActiveRecord: 36.3ms)


Started GET "/users" for ::1 at 2019-08-26 19:15:04 -0400
Processing by UsersController#index as */*
  [1m[36mUser Load (2.3ms)[0m  [1m[34mSELECT "users".* FROM "users"[0m
  ↳ app/controllers/users_controller.rb:3
Completed 200 OK in 6ms (Views: 2.6ms | ActiveRecord: 2.3ms)


Started DELETE "/users/3" for ::1 at 2019-08-26 19:19:00 -0400
Processing by UsersController#destroy as */*
  Parameters: {"id"=>"3"}
  [1m[36mUser Load (0.9ms)[0m  [1m[34mSELECT  "users".* FROM "users" WHERE "users"."id" = $1 LIMIT $2[0m  [["id", 3], ["LIMIT", 1]]
  ↳ app/controllers/users_controller.rb:30
  [1m[35m (0.5ms)[0m  [1m[35mBEGIN[0m
  ↳ app/controllers/users_controller.rb:31
  [1m[36mUser Destroy (2.3ms)[0m  [1m[31mDELETE FROM "users" WHERE "users"."id" = $1[0m  [["id", 3]]
  ↳ app/controllers/users_controller.rb:31
  [1m[35m (13.7ms)[0m  [1m[35mCOMMIT[0m
  ↳ app/controllers/users_controller.rb:31
  Rendering text template
  Rendered text template (0.1ms)
Completed 200 OK in 71ms (Views: 9.6ms | ActiveRecord: 33.9ms)


Started GET "/users" for ::1 at 2019-08-26 19:19:08 -0400
Processing by UsersController#index as */*
  [1m[36mUser Load (4.7ms)[0m  [1m[34mSELECT "users".* FROM "users"[0m
  ↳ app/controllers/users_controller.rb:3
Completed 200 OK in 10ms (Views: 4.1ms | ActiveRecord: 4.7ms)


